<?xml version="1.0" encoding="UTF-8"?>
<!-- Generated by org.testng.reporters.JUnitReportReporter -->
<testsuite skipped="0" hostname="LAPTOP-SMV0FMUB" name="selenium.java.program.maven.Sample1Test" tests="1" failures="0" timestamp="2021-02-16T11:50:11 IST" time="65.142" errors="0">
  <testcase name="sample1" time="65.142" classname="selenium.java.program.maven.Sample1Test"/>
  <system-out/>
</testsuite> <!-- selenium.java.program.maven.Sample1Test -->
