<?xml version="1.0" encoding="UTF-8"?>
<!-- Generated by org.testng.reporters.JUnitReportReporter -->
<testsuite skipped="0" hostname="LAPTOP-SMV0FMUB" name="selenium.java.program.maven.Sample2Test" tests="1" failures="0" timestamp="2021-02-16T11:50:11 IST" time="30.260" errors="0">
  <testcase name="sample2" time="30.260" classname="selenium.java.program.maven.Sample2Test"/>
  <system-out/>
</testsuite> <!-- selenium.java.program.maven.Sample2Test -->
